<?xml version="1.0" encoding="UTF-8"?>
<!-- Generated by org.testng.reporters.JUnitReportReporter -->
<testsuite hostname="CORP-PF00HQD9" name="com.selenium.suite.shoeshop.EmailSubscriptionTest" tests="2" failures="0" timestamp="1 May 2016 13:30:56 GMT" time="49.431" errors="0">
  <testcase name="testEmailSubscription" time="46.145" classname="com.selenium.suite.shoeshop.EmailSubscriptionTest"/>
  <testcase name="testEmailSubscription" time="3.286" classname="com.selenium.suite.shoeshop.EmailSubscriptionTest"/>
</testsuite> <!-- com.selenium.suite.shoeshop.EmailSubscriptionTest -->
